2025-10-19 05:19:53,471 DEBUG    root            Loaded Command Group: ['gcloud', 'config']
2025-10-19 05:19:53,476 DEBUG    root            Loaded Command Group: ['gcloud', 'config', 'config_helper']
2025-10-19 05:19:53,480 DEBUG    root            Running [gcloud.config.config-helper] with arguments: [--format: "json", --min-expiry: "1800"]
2025-10-19 05:19:53,530 DEBUG    root            Chosen display Format:default json
2025-10-19 05:19:53,531 INFO     root            Display format: "default json"
2025-10-19 05:19:53,665 INFO     ___FILE_ONLY___ {
  "configuration": {
    "active_configuration": "default",
    "properties": {
      "compute": {
        "region": "us-central1"
      },
      "core": {
        "account": "1003742830907-compute@developer.gserviceaccount.com",
        "disable_usage_reporting": "True",
        "project": "week-1-474208"
      },
      "dataproc": {
        "region": "us-central1"
      }
    }
  },
  "credential": {
    "access_token": "ya29.c.c0ASRK0GZpo0d3GL2erFAxS_Ax4Rsl8tsPmP1Z5fgHpDjFCIK9xNY1eI0fwLp7qpHebQrli_vf1toye6CyyIdOZwtQU0yQVTMjFQ_x4ikUQ6DIYk3o9r0WSDNSRgUhW6eySu44lQHI-kSQRcjYSsDJyYtJB655lvcsciLnxz8_-QPhndG5ax8jlxzLLISDEKxHxiRTl6Ijot_4oZECFnfHsuS95VvKn3S06VH6ktQ9mIUIBfOGrRztUNeKQgy_OJc68AZi3DvIER3uL61V9C-a9QWTBxnQ8ThFoggBK6ITwaLrJKBIxBlfssNDTKaBBGXn43Gd1KcvKo4Z7xgeTgVJTnif_kWRToXSH4w-H9ajXu77TCqiQy6PrRECxITeo7G9vgL2pz4m60PFYkfpzRG7qwG415DVcyWJZ6BhrdyfZ0mOFaeBWoBzlMfiiQadvavXdzU_saIon8qJrcax20R3Jniw3V4jy5Uieo1U1vbM4aod4hIVje8htRBSmkieBxbQ3V-x_IVj9JvYduQ8I2Q9nBvrgsgtdcc0cMl6krQnO5h_Zx9X1en76gdJ0xWconbybRqYe-k6yRyU-dqf_sJ2kmxcBpQ5Bbem1wiy2xsgfu40uOQnFo1r6kk37gpnng0ehsMrw4aX27mOlMp83psMhF-JfttkeSby1d_X2VlotmzgirhRIIf1bUdZjXi8Iu5_mZy-Za1wr228j6hiXFY3ZXmzxSY_VqaqoVZj9lh-IvQyBSWSfgyVM46oiMkZM_d9e2BV6b5ZgygnWxoIIaeibtd0d-x7kOoZBvMBiq77RhmJ0fJFarqYRlWFYdi8ovy4Rvs_0514B2plaQuggJQ63Z4kQZnlaaY49dRk3MqQpa885wm3gesbfYpQeVyISskkpySbgmeto759ddlbdxOwjh77yWzmbtfif_QdIl1gxcsb2Xy4SlUlfuo0B99-xIJt9txw4Z217ukdi8i6nOR5oX7k20oQxM6Up0yuMlsOa8Or3o4y02e7VUp",
    "id_token": "eyJhbGciOiJSUzI1NiIsImtpZCI6ImZiOWY5MzcxZDU3NTVmM2UzODNhNDBhYjNhMTcyY2Q4YmFjYTUxN2YiLCJ0eXAiOiJKV1QifQ.eyJhdWQiOiIzMjU1NTk0MDU1OS5hcHBzLmdvb2dsZXVzZXJjb250ZW50LmNvbSIsImF6cCI6IjEwMTQwNDM1MDMzMjI2MDMzODg4OSIsImV4cCI6MTc2MDg1NDY5NiwiaWF0IjoxNzYwODUxMDk2LCJpc3MiOiJodHRwczovL2FjY291bnRzLmdvb2dsZS5jb20iLCJzdWIiOiIxMDE0MDQzNTAzMzIyNjAzMzg4ODkifQ.KGuzU2h-AxnMrLZ3_ApIvrhbknXdrZFoUM1qVmn7aHxPUEzR_GAdqRG6c_C_3zKxBMDGHdRoMuZe-fjWYtj8s2gwy8HfqB9J56hghAzErFbwPRQj3zs4KmF5_nBc-NMDl9S3v8AMrzdlxvtY7B8D8RVlxLQRnO3yP8dvphzdvXXiiaikpCNLdqBFkJ-068_7swzXW1cYtzhs5kXER-m3p_Fu55lF0jBw8N2yq6OwjTCjJ006pokLDb9IrlvUrK_tmCoRfvOJV9DGeZtAZVltfTUmZi9TrrTu-KiwDdkdl5cBfLyVPndurcH0rx0Ak8KduTGEPbQo_JNY0fdpi20YIQ",
    "token_expiry": "2025-10-19T06:18:15Z"
  },
  "sentinels": {
    "config_sentinel": "/home/jupyter/.config/gcloud/config_sentinel"
  }
}
2025-10-19 05:19:53,666 INFO     ___FILE_ONLY___ 

2025-10-19 05:19:53,681 DEBUG    root            SDK update checks are disabled.
