2025-10-31 12:06:27,163 DEBUG    root            Loaded Command Group: ['gcloud', 'config']
2025-10-31 12:06:27,168 DEBUG    root            Loaded Command Group: ['gcloud', 'config', 'config_helper']
2025-10-31 12:06:27,172 DEBUG    root            Running [gcloud.config.config-helper] with arguments: [--format: "json", --min-expiry: "1800"]
2025-10-31 12:06:27,203 DEBUG    root            Chosen display Format:default json
2025-10-31 12:06:27,204 INFO     root            Display format: "default json"
2025-10-31 12:06:27,276 INFO     ___FILE_ONLY___ {
  "configuration": {
    "active_configuration": "default",
    "properties": {
      "compute": {
        "region": "us-central1"
      },
      "core": {
        "account": "1003742830907-compute@developer.gserviceaccount.com",
        "disable_usage_reporting": "True",
        "project": "week-1-474208"
      },
      "dataproc": {
        "region": "us-central1"
      }
    }
  },
  "credential": {
    "access_token": "ya29.c.c0ASRK0GaksMZknoRhsxxGNcUeig9LsF0bvvQ_9m7b-1-sQVdO3ggQut3l-MEteR7KYXNvpnUdzNO-LPu7WtIDm1MZwBLGbrYBLnMljyvNKl5o71JVatMvQis3GsZX0do6hxcWGajvEIfiEvn4ibg9ePR_yApgVilH9lR548oS0Hd_Bp_J6lNyRERbzoqR0wQsNxM_XzmerG2VU5ypDLba0CvXhF6dFnki76Sc3mD557uFQzKP3YLhkaUu2hNRHl_Hi5H2PQJX0HKJ2L7hs9U-4YZ77L3OZBeJlgP5yQ9hd_AipfwT-AOvb08EZdeQ2L54K9t8NQ8XElU9ZqIcEqXrpQdeUB0MvzJ0f89Ct1tjNF4PXOzZQOHAkSRiqxTx9TmbutYF7SP5adG7Ew55EcEH412AmSJgBU0dg0R0tb1-7v-Jjuf57S459V4t9hc0y-gXiJwkyVexbZgphSvvdnXBvr1WreYU8vQZXiXyX9yzyq8R2hqupmiZ47wzU_B0QYV8b4z3xjqcmfBzkkB4d42SooWY5QY6kSQfRlv791Mfl382Vu_S4MqcjbU3p9Wo8tI88ZOfk70ovkB0-mf53z_0c83V4UFcc1wspd9vW8cpJ4WQb7c42jrwvY98hOB9Ova-1t-Wa8ev42l0QWtYszm2sfdzIz0hglmIMdVu5oh4VonJ1fnnn2gudfOtdS7kmb_dRy7oyyaf3SXcuciRlwXjbkz25qb6121ZMjp415UuylqazoO-gwk6y_VJtFive1p24rbn4liiMZ-M3QJhu2bYo4qkOMuVrn2b8zc4R2Wpme3ZUFw5zReiiyYmyfkwbhuf5zYerJ0SiFlZZfUyj7yo3_QQ1m1kx8hxUi6ZXbksqvy8b21SaWlIWUmYf66U1Moou_M9sSpfxYbSIUBrf9UnQym5zs0sOiSXeqy89ra6h2OpSI-bXsr16vmvJme49unSS4d-Y_vkqbBlfSi6lpnRgr_rMplY7qVcYzMk3omJI3RM9W1Fms4Rt6a",
    "id_token": "eyJhbGciOiJSUzI1NiIsImtpZCI6Ijg4NDg5MjEyMmUyOTM5ZmQxZjMxMzc1YjJiMzYzZWM4MTU3MjNiYmIiLCJ0eXAiOiJKV1QifQ.eyJhdWQiOiIzMjU1NTk0MDU1OS5hcHBzLmdvb2dsZXVzZXJjb250ZW50LmNvbSIsImF6cCI6IjEwMTQwNDM1MDMzMjI2MDMzODg4OSIsImV4cCI6MTc2MTkxNTkxMCwiaWF0IjoxNzYxOTEyMzEwLCJpc3MiOiJodHRwczovL2FjY291bnRzLmdvb2dsZS5jb20iLCJzdWIiOiIxMDE0MDQzNTAzMzIyNjAzMzg4ODkifQ.f8OlQ-orBw0aKNCWO3GatAWBglJvPB65bh982DLR49JAqPaY3Ajtp-I9WVKWDk7OPg6zYE_dAEiXNt0FvS4VESq78cxK9UhseA6QKXQSFvtStjfl5XeoFmGJ_ge4X8HtDKcThSvdjQZ-cDAIanHC1GIXQmKLpfjHrwfPMGfHRNtFZkcvrDBdhrTfG7DgLyDyDTUxbb1cEH06FD_MvOYZaf0_H8EQZhNyAwTPISYbtszC47VmorhH52na6b1GHyU57cK1ylwsMXoGxQ0nNIRR0-iA0QCOxhUpU-Lzv1TEdd9jqMh2RSEOJrs_z7qJqABscAdfx4vpX3w5oL-dMkk7MA",
    "token_expiry": "2025-10-31T13:05:02Z"
  },
  "sentinels": {
    "config_sentinel": "/home/jupyter/.config/gcloud/config_sentinel"
  }
}
2025-10-31 12:06:27,276 INFO     ___FILE_ONLY___ 

2025-10-31 12:06:27,291 DEBUG    root            SDK update checks are disabled.
